<?xml version="1.0" encoding="UTF-8"?>
<coverage generated="1773539326596" clover="3.2.0">
  <project timestamp="1773539326596" name="All files">
    <metrics statements="32" coveredstatements="23" conditionals="14" coveredconditionals="10" methods="12" coveredmethods="7" elements="58" coveredelements="40" complexity="0" loc="32" ncloc="32" packages="3" files="6" classes="6"/>
    <package name="components">
      <metrics statements="17" coveredstatements="14" conditionals="8" coveredconditionals="6" methods="7" coveredmethods="4"/>
      <file name="Button.tsx" path="/private/var/folders/gg/45hhhqwj3rgdcbky7gbxpnh00000gn/T/metacoder-git-FneM5o/project/src/components/Button.tsx">
        <metrics statements="6" coveredstatements="6" conditionals="4" coveredconditionals="4" methods="1" coveredmethods="1"/>
        <line num="14" count="2" type="stmt"/>
        <line num="24" count="2" type="stmt"/>
        <line num="30" count="11" type="stmt"/>
        <line num="39" count="11" type="stmt"/>
        <line num="41" count="11" type="stmt"/>
        <line num="43" count="11" type="cond" truecount="1" falsecount="0"/>
      </file>
      <file name="Container.tsx" path="/private/var/folders/gg/45hhhqwj3rgdcbky7gbxpnh00000gn/T/metacoder-git-FneM5o/project/src/components/Container.tsx">
        <metrics statements="1" coveredstatements="1" conditionals="2" coveredconditionals="1" methods="1" coveredmethods="1"/>
        <line num="9" count="3" type="stmt"/>
      </file>
      <file name="Header.tsx" path="/private/var/folders/gg/45hhhqwj3rgdcbky7gbxpnh00000gn/T/metacoder-git-FneM5o/project/src/components/Header.tsx">
        <metrics statements="10" coveredstatements="7" conditionals="2" coveredconditionals="1" methods="5" coveredmethods="2"/>
        <line num="3" count="1" type="stmt"/>
        <line num="4" count="1" type="stmt"/>
        <line num="5" count="1" type="stmt"/>
        <line num="7" count="1" type="stmt"/>
        <line num="14" count="3" type="stmt"/>
        <line num="15" count="3" type="stmt"/>
        <line num="30" count="12" type="stmt"/>
        <line num="52" count="0" type="stmt"/>
        <line num="73" count="0" type="stmt"/>
        <line num="76" count="0" type="stmt"/>
      </file>
    </package>
    <package name="data">
      <metrics statements="2" coveredstatements="2" conditionals="0" coveredconditionals="0" methods="0" coveredmethods="0"/>
      <file name="blog-posts.ts" path="/private/var/folders/gg/45hhhqwj3rgdcbky7gbxpnh00000gn/T/metacoder-git-FneM5o/project/src/data/blog-posts.ts">
        <metrics statements="1" coveredstatements="1" conditionals="0" coveredconditionals="0" methods="0" coveredmethods="0"/>
        <line num="12" count="4" type="stmt"/>
      </file>
      <file name="states.ts" path="/private/var/folders/gg/45hhhqwj3rgdcbky7gbxpnh00000gn/T/metacoder-git-FneM5o/project/src/data/states.ts">
        <metrics statements="1" coveredstatements="1" conditionals="0" coveredconditionals="0" methods="0" coveredmethods="0"/>
        <line num="9" count="3" type="stmt"/>
      </file>
    </package>
    <package name="lib">
      <metrics statements="13" coveredstatements="7" conditionals="6" coveredconditionals="4" methods="5" coveredmethods="3"/>
      <file name="analytics.ts" path="/private/var/folders/gg/45hhhqwj3rgdcbky7gbxpnh00000gn/T/metacoder-git-FneM5o/project/src/lib/analytics.ts">
        <metrics statements="13" coveredstatements="7" conditionals="6" coveredconditionals="4" methods="5" coveredmethods="3"/>
        <line num="10" count="4" type="cond" truecount="2" falsecount="0"/>
        <line num="16" count="2" type="stmt"/>
        <line num="22" count="2" type="cond" truecount="1" falsecount="0"/>
        <line num="24" count="1" type="stmt"/>
        <line num="34" count="2" type="stmt"/>
        <line num="35" count="2" type="cond" truecount="1" falsecount="0"/>
        <line num="37" count="1" type="stmt"/>
        <line num="46" count="0" type="stmt"/>
        <line num="47" count="0" type="cond" truecount="0" falsecount="1"/>
        <line num="49" count="0" type="stmt"/>
        <line num="57" count="0" type="stmt"/>
        <line num="58" count="0" type="cond" truecount="0" falsecount="1"/>
        <line num="60" count="0" type="stmt"/>
      </file>
    </package>
  </project>
</coverage>
