{"/private/var/folders/gg/45hhhqwj3rgdcbky7gbxpnh00000gn/T/metacoder-git-FneM5o/project/src/components/Button.tsx": {"path":"/private/var/folders/gg/45hhhqwj3rgdcbky7gbxpnh00000gn/T/metacoder-git-FneM5o/project/src/components/Button.tsx","statementMap":{"0":{"start":{"line":30,"column":24},"end":{"line":30,"column":31}},"1":{"start":{"line":14,"column":53},"end":{"line":22,"column":null}},"2":{"start":{"line":24,"column":47},"end":{"line":28,"column":null}},"3":{"start":{"line":39,"column":4},"end":{"line":39,"column":null}},"4":{"start":{"line":41,"column":28},"end":{"line":41,"column":102}},"5":{"start":{"line":43,"column":2},"end":{"line":49,"column":null}}},"fnMap":{"0":{"name":"Button","decl":{"start":{"line":30,"column":24},"end":{"line":30,"column":31}},"loc":{"start":{"line":37,"column":14},"end":{"line":56,"column":null}}}},"branchMap":{"0":{"loc":{"start":{"line":32,"column":2},"end":{"line":32,"column":21}},"type":"default-arg","locations":[{"start":{"line":32,"column":12},"end":{"line":32,"column":21}}]},"1":{"loc":{"start":{"line":33,"column":2},"end":{"line":33,"column":13}},"type":"default-arg","locations":[{"start":{"line":33,"column":9},"end":{"line":33,"column":13}}]},"2":{"loc":{"start":{"line":35,"column":2},"end":{"line":35,"column":16}},"type":"default-arg","locations":[{"start":{"line":35,"column":14},"end":{"line":35,"column":16}}]},"3":{"loc":{"start":{"line":43,"column":2},"end":{"line":49,"column":null}},"type":"if","locations":[{"start":{"line":43,"column":2},"end":{"line":49,"column":null}}]}},"s":{"0":11,"1":2,"2":2,"3":11,"4":11,"5":11},"f":{"0":11},"b":{"0":[6],"1":[5],"2":[11],"3":[7]}}
,"/private/var/folders/gg/45hhhqwj3rgdcbky7gbxpnh00000gn/T/metacoder-git-FneM5o/project/src/components/Container.tsx": {"path":"/private/var/folders/gg/45hhhqwj3rgdcbky7gbxpnh00000gn/T/metacoder-git-FneM5o/project/src/components/Container.tsx","statementMap":{"0":{"start":{"line":9,"column":24},"end":{"line":9,"column":34}}},"fnMap":{"0":{"name":"Container","decl":{"start":{"line":9,"column":24},"end":{"line":9,"column":34}},"loc":{"start":{"line":13,"column":17},"end":{"line":19,"column":null}}}},"branchMap":{"0":{"loc":{"start":{"line":11,"column":2},"end":{"line":11,"column":16}},"type":"default-arg","locations":[{"start":{"line":11,"column":14},"end":{"line":11,"column":16}}]},"1":{"loc":{"start":{"line":12,"column":6},"end":{"line":12,"column":23}},"type":"default-arg","locations":[{"start":{"line":12,"column":18},"end":{"line":12,"column":23}}]}},"s":{"0":3},"f":{"0":3},"b":{"0":[0],"1":[3]}}
,"/private/var/folders/gg/45hhhqwj3rgdcbky7gbxpnh00000gn/T/metacoder-git-FneM5o/project/src/components/Header.tsx": {"path":"/private/var/folders/gg/45hhhqwj3rgdcbky7gbxpnh00000gn/T/metacoder-git-FneM5o/project/src/components/Header.tsx","statementMap":{"0":{"start":{"line":14,"column":24},"end":{"line":14,"column":null}},"1":{"start":{"line":3,"column":25},"end":{"line":3,"column":null}},"2":{"start":{"line":4,"column":22},"end":{"line":4,"column":null}},"3":{"start":{"line":5,"column":19},"end":{"line":5,"column":null}},"4":{"start":{"line":7,"column":17},"end":{"line":12,"column":null}},"5":{"start":{"line":15,"column":38},"end":{"line":15,"column":null}},"6":{"start":{"line":30,"column":12},"end":{"line":31,"column":null}},"7":{"start":{"line":52,"column":25},"end":{"line":52,"column":null}},"8":{"start":{"line":73,"column":14},"end":{"line":74,"column":null}},"9":{"start":{"line":76,"column":31},"end":{"line":76,"column":null}}},"fnMap":{"0":{"name":"Header","decl":{"start":{"line":14,"column":24},"end":{"line":14,"column":null}},"loc":{"start":{"line":14,"column":24},"end":{"line":90,"column":null}}},"1":{"name":"(anonymous_3)","decl":{"start":{"line":29,"column":24},"end":{"line":29,"column":25}},"loc":{"start":{"line":30,"column":12},"end":{"line":31,"column":null}}},"2":{"name":"(anonymous_4)","decl":{"start":{"line":52,"column":19},"end":{"line":52,"column":25}},"loc":{"start":{"line":52,"column":25},"end":{"line":52,"column":null}}},"3":{"name":"(anonymous_5)","decl":{"start":{"line":72,"column":26},"end":{"line":72,"column":27}},"loc":{"start":{"line":73,"column":14},"end":{"line":74,"column":null}}},"4":{"name":"(anonymous_6)","decl":{"start":{"line":76,"column":25},"end":{"line":76,"column":31}},"loc":{"start":{"line":76,"column":31},"end":{"line":76,"column":null}}}},"branchMap":{"0":{"loc":{"start":{"line":57,"column":12},"end":{"line":61,"column":13}},"type":"cond-expr","locations":[{"start":{"line":57,"column":12},"end":{"line":61,"column":13}}]},"1":{"loc":{"start":{"line":69,"column":7},"end":{"line":69,"column":null}},"type":"binary-expr","locations":[{"start":{"line":69,"column":7},"end":{"line":69,"column":null}}]}},"s":{"0":3,"1":1,"2":1,"3":1,"4":1,"5":3,"6":12,"7":0,"8":0,"9":0},"f":{"0":3,"1":12,"2":0,"3":0,"4":0},"b":{"0":[0],"1":[3]}}
,"/private/var/folders/gg/45hhhqwj3rgdcbky7gbxpnh00000gn/T/metacoder-git-FneM5o/project/src/data/blog-posts.ts": {"path":"/private/var/folders/gg/45hhhqwj3rgdcbky7gbxpnh00000gn/T/metacoder-git-FneM5o/project/src/data/blog-posts.ts","statementMap":{"0":{"start":{"line":12,"column":13},"end":{"line":12,"column":37}},"1":{"start":{"line":12,"column":37},"end":{"line":115,"column":null}}},"fnMap":{},"branchMap":{},"s":{"0":4,"1":1},"f":{},"b":{}}
,"/private/var/folders/gg/45hhhqwj3rgdcbky7gbxpnh00000gn/T/metacoder-git-FneM5o/project/src/data/states.ts": {"path":"/private/var/folders/gg/45hhhqwj3rgdcbky7gbxpnh00000gn/T/metacoder-git-FneM5o/project/src/data/states.ts","statementMap":{"0":{"start":{"line":9,"column":13},"end":{"line":9,"column":35}},"1":{"start":{"line":9,"column":35},"end":{"line":94,"column":null}}},"fnMap":{},"branchMap":{},"s":{"0":3,"1":1},"f":{},"b":{}}
,"/private/var/folders/gg/45hhhqwj3rgdcbky7gbxpnh00000gn/T/metacoder-git-FneM5o/project/src/lib/analytics.ts": {"path":"/private/var/folders/gg/45hhhqwj3rgdcbky7gbxpnh00000gn/T/metacoder-git-FneM5o/project/src/lib/analytics.ts","statementMap":{"0":{"start":{"line":57,"column":16},"end":{"line":57,"column":24}},"1":{"start":{"line":16,"column":16},"end":{"line":16,"column":26}},"2":{"start":{"line":46,"column":16},"end":{"line":46,"column":29}},"3":{"start":{"line":34,"column":16},"end":{"line":34,"column":27}},"4":{"start":{"line":10,"column":2},"end":{"line":10,"column":null}},"5":{"start":{"line":22,"column":2},"end":{"line":22,"column":null}},"6":{"start":{"line":22,"column":26},"end":{"line":22,"column":null}},"7":{"start":{"line":24,"column":2},"end":{"line":28,"column":null}},"8":{"start":{"line":35,"column":2},"end":{"line":35,"column":null}},"9":{"start":{"line":35,"column":26},"end":{"line":35,"column":null}},"10":{"start":{"line":37,"column":2},"end":{"line":40,"column":null}},"11":{"start":{"line":47,"column":2},"end":{"line":47,"column":null}},"12":{"start":{"line":47,"column":26},"end":{"line":47,"column":null}},"13":{"start":{"line":49,"column":2},"end":{"line":51,"column":null}},"14":{"start":{"line":58,"column":2},"end":{"line":58,"column":null}},"15":{"start":{"line":58,"column":26},"end":{"line":58,"column":null}},"16":{"start":{"line":60,"column":2},"end":{"line":64,"column":null}}},"fnMap":{"0":{"name":"isGtagAvailable","decl":{"start":{"line":9,"column":9},"end":{"line":9,"column":null}},"loc":{"start":{"line":9,"column":9},"end":{"line":11,"column":null}}},"1":{"name":"trackEvent","decl":{"start":{"line":16,"column":16},"end":{"line":16,"column":26}},"loc":{"start":{"line":20,"column":16},"end":{"line":29,"column":null}}},"2":{"name":"trackSignup","decl":{"start":{"line":34,"column":16},"end":{"line":34,"column":27}},"loc":{"start":{"line":34,"column":40},"end":{"line":41,"column":null}}},"3":{"name":"trackPageView","decl":{"start":{"line":46,"column":16},"end":{"line":46,"column":29}},"loc":{"start":{"line":46,"column":41},"end":{"line":52,"column":null}}},"4":{"name":"trackCTA","decl":{"start":{"line":57,"column":16},"end":{"line":57,"column":24}},"loc":{"start":{"line":57,"column":58},"end":{"line":65,"column":null}}}},"branchMap":{"0":{"loc":{"start":{"line":10,"column":9},"end":{"line":10,"column":null}},"type":"binary-expr","locations":[{"start":{"line":10,"column":9},"end":{"line":10,"column":42}},{"start":{"line":10,"column":42},"end":{"line":10,"column":null}}]},"1":{"loc":{"start":{"line":22,"column":2},"end":{"line":22,"column":null}},"type":"if","locations":[{"start":{"line":22,"column":2},"end":{"line":22,"column":null}}]},"2":{"loc":{"start":{"line":35,"column":2},"end":{"line":35,"column":null}},"type":"if","locations":[{"start":{"line":35,"column":2},"end":{"line":35,"column":null}}]},"3":{"loc":{"start":{"line":47,"column":2},"end":{"line":47,"column":null}},"type":"if","locations":[{"start":{"line":47,"column":2},"end":{"line":47,"column":null}}]},"4":{"loc":{"start":{"line":58,"column":2},"end":{"line":58,"column":null}},"type":"if","locations":[{"start":{"line":58,"column":2},"end":{"line":58,"column":null}}]}},"s":{"0":0,"1":2,"2":0,"3":2,"4":4,"5":2,"6":1,"7":1,"8":2,"9":1,"10":1,"11":0,"12":0,"13":0,"14":0,"15":0,"16":0},"f":{"0":4,"1":2,"2":2,"3":0,"4":0},"b":{"0":[4,4],"1":[1],"2":[1],"3":[0],"4":[0]}}
}
