TN:
SF:src/components/Button.tsx
FN:30,Button
FNF:1
FNH:1
FNDA:11,Button
DA:14,2
DA:24,2
DA:30,11
DA:39,11
DA:41,11
DA:43,11
LF:6
LH:6
BRDA:32,0,0,6
BRDA:33,1,0,5
BRDA:35,2,0,11
BRDA:43,3,0,7
BRF:4
BRH:4
end_of_record
TN:
SF:src/components/Container.tsx
FN:9,Container
FNF:1
FNH:1
FNDA:3,Container
DA:9,3
LF:1
LH:1
BRDA:11,0,0,0
BRDA:12,1,0,3
BRF:2
BRH:1
end_of_record
TN:
SF:src/components/Header.tsx
FN:14,Header
FN:29,(anonymous_3)
FN:52,(anonymous_4)
FN:72,(anonymous_5)
FN:76,(anonymous_6)
FNF:5
FNH:2
FNDA:3,Header
FNDA:12,(anonymous_3)
FNDA:0,(anonymous_4)
FNDA:0,(anonymous_5)
FNDA:0,(anonymous_6)
DA:3,1
DA:4,1
DA:5,1
DA:7,1
DA:14,3
DA:15,3
DA:30,12
DA:52,0
DA:73,0
DA:76,0
LF:10
LH:7
BRDA:57,0,0,0
BRDA:69,1,0,3
BRF:2
BRH:1
end_of_record
TN:
SF:src/data/blog-posts.ts
FNF:0
FNH:0
DA:12,4
LF:1
LH:1
BRF:0
BRH:0
end_of_record
TN:
SF:src/data/states.ts
FNF:0
FNH:0
DA:9,3
LF:1
LH:1
BRF:0
BRH:0
end_of_record
TN:
SF:src/lib/analytics.ts
FN:9,isGtagAvailable
FN:16,trackEvent
FN:34,trackSignup
FN:46,trackPageView
FN:57,trackCTA
FNF:5
FNH:3
FNDA:4,isGtagAvailable
FNDA:2,trackEvent
FNDA:2,trackSignup
FNDA:0,trackPageView
FNDA:0,trackCTA
DA:10,4
DA:16,2
DA:22,2
DA:24,1
DA:34,2
DA:35,2
DA:37,1
DA:46,0
DA:47,0
DA:49,0
DA:57,0
DA:58,0
DA:60,0
LF:13
LH:7
BRDA:10,0,0,4
BRDA:10,0,1,4
BRDA:22,1,0,1
BRDA:35,2,0,1
BRDA:47,3,0,0
BRDA:58,4,0,0
BRF:6
BRH:4
end_of_record
